<?xml version="1.0" encoding="UTF-8"?>
<!-- Generated by org.testng.reporters.JUnitReportReporter -->
<testsuite skipped="0" hostname="LAPTOP-K6546IAP" name="com.qa.tests.PostAPITest" tests="1" failures="0" timestamp="2019-11-06T18:00:14 CET" time="0.915" errors="0">
  <testcase name="postAPITest" time="0.915" classname="com.qa.tests.PostAPITest"/>
</testsuite> <!-- com.qa.tests.PostAPITest -->
