<?xml version="1.0" encoding="UTF-8"?>
<!-- Generated by org.testng.reporters.JUnitReportReporter -->
<testsuite skipped="0" hostname="LAPTOP-K6546IAP" name="com.qa.tests.GetAPITest" tests="2" failures="0" timestamp="2019-11-04T18:29:15 CET" time="0.781" errors="0">
  <testcase name="getAPITestWithoutHeaders" time="0.656" classname="com.qa.tests.GetAPITest"/>
  <testcase name="getAPITestWithHeaders" time="0.125" classname="com.qa.tests.GetAPITest"/>
</testsuite> <!-- com.qa.tests.GetAPITest -->
